/home/huang/chapt8_ws/install/fishbot_description/lib/python3.10/site-packages/fishbot_description/__init__.py
/home/huang/chapt8_ws/install/fishbot_description/lib/python3.10/site-packages/fishbot_description/__pycache__/__init__.cpython-310.pyc
/home/huang/chapt8_ws/install/fishbot_description/share/ament_index/resource_index/packages/fishbot_description
/home/huang/chapt8_ws/install/fishbot_description/share/fishbot_description/package.xml
/home/huang/chapt8_ws/install/fishbot_description/share/fishbot_description/launch/display_rviz2.launch.py
/home/huang/chapt8_ws/install/fishbot_description/share/fishbot_description/urdf/fishbot_base.urdf
/home/huang/chapt8_ws/install/fishbot_description/share/fishbot_description/meshes/link1.3ds
/home/huang/chapt8_ws/install/fishbot_description/share/fishbot_description/meshes/link6.STL
/home/huang/chapt8_ws/install/fishbot_description/share/fishbot_description/meshes/link6.DAE
/home/huang/chapt8_ws/install/fishbot_description/share/fishbot_description/meshes/link2.STL
/home/huang/chapt8_ws/install/fishbot_description/share/fishbot_description/meshes/link4.STL
/home/huang/chapt8_ws/install/fishbot_description/share/fishbot_description/meshes/link2.DAE
/home/huang/chapt8_ws/install/fishbot_description/share/fishbot_description/meshes/link1.STL
/home/huang/chapt8_ws/install/fishbot_description/share/fishbot_description/meshes/link5.DAE
/home/huang/chapt8_ws/install/fishbot_description/share/fishbot_description/meshes/link4.3ds
/home/huang/chapt8_ws/install/fishbot_description/share/fishbot_description/meshes/link2.3ds
/home/huang/chapt8_ws/install/fishbot_description/share/fishbot_description/meshes/link6.3ds
/home/huang/chapt8_ws/install/fishbot_description/share/fishbot_description/meshes/link1.DAE
/home/huang/chapt8_ws/install/fishbot_description/share/fishbot_description/meshes/link3.DAE
/home/huang/chapt8_ws/install/fishbot_description/share/fishbot_description/meshes/link0.STL
/home/huang/chapt8_ws/install/fishbot_description/share/fishbot_description/meshes/link5.STL
/home/huang/chapt8_ws/install/fishbot_description/share/fishbot_description/meshes/link3.3ds
/home/huang/chapt8_ws/install/fishbot_description/share/fishbot_description/meshes/link0.3ds
/home/huang/chapt8_ws/install/fishbot_description/share/fishbot_description/meshes/link3.STL
/home/huang/chapt8_ws/install/fishbot_description/share/fishbot_description/meshes/link4.DAE
/home/huang/chapt8_ws/install/fishbot_description/share/fishbot_description/meshes/link5.3ds
/home/huang/chapt8_ws/install/fishbot_description/share/fishbot_description/meshes/link0.DAE
/home/huang/chapt8_ws/install/fishbot_description/lib/python3.10/site-packages/fishbot_description-0.0.0-py3.10.egg-info/SOURCES.txt
/home/huang/chapt8_ws/install/fishbot_description/lib/python3.10/site-packages/fishbot_description-0.0.0-py3.10.egg-info/top_level.txt
/home/huang/chapt8_ws/install/fishbot_description/lib/python3.10/site-packages/fishbot_description-0.0.0-py3.10.egg-info/PKG-INFO
/home/huang/chapt8_ws/install/fishbot_description/lib/python3.10/site-packages/fishbot_description-0.0.0-py3.10.egg-info/entry_points.txt
/home/huang/chapt8_ws/install/fishbot_description/lib/python3.10/site-packages/fishbot_description-0.0.0-py3.10.egg-info/requires.txt
/home/huang/chapt8_ws/install/fishbot_description/lib/python3.10/site-packages/fishbot_description-0.0.0-py3.10.egg-info/zip-safe
/home/huang/chapt8_ws/install/fishbot_description/lib/python3.10/site-packages/fishbot_description-0.0.0-py3.10.egg-info/dependency_links.txt
