running egg_info
creating ../../build/fishbot_description/fishbot_description.egg-info
writing ../../build/fishbot_description/fishbot_description.egg-info/PKG-INFO
writing dependency_links to ../../build/fishbot_description/fishbot_description.egg-info/dependency_links.txt
writing entry points to ../../build/fishbot_description/fishbot_description.egg-info/entry_points.txt
writing requirements to ../../build/fishbot_description/fishbot_description.egg-info/requires.txt
writing top-level names to ../../build/fishbot_description/fishbot_description.egg-info/top_level.txt
writing manifest file '../../build/fishbot_description/fishbot_description.egg-info/SOURCES.txt'
reading manifest file '../../build/fishbot_description/fishbot_description.egg-info/SOURCES.txt'
writing manifest file '../../build/fishbot_description/fishbot_description.egg-info/SOURCES.txt'
running build
running build_py
creating /home/huang/chapt8_ws/build/fishbot_description/build
creating /home/huang/chapt8_ws/build/fishbot_description/build/lib
creating /home/huang/chapt8_ws/build/fishbot_description/build/lib/fishbot_description
copying fishbot_description/__init__.py -> /home/huang/chapt8_ws/build/fishbot_description/build/lib/fishbot_description
running install
running install_lib
creating /home/huang/chapt8_ws/install/fishbot_description/lib/python3.10/site-packages/fishbot_description
copying /home/huang/chapt8_ws/build/fishbot_description/build/lib/fishbot_description/__init__.py -> /home/huang/chapt8_ws/install/fishbot_description/lib/python3.10/site-packages/fishbot_description
byte-compiling /home/huang/chapt8_ws/install/fishbot_description/lib/python3.10/site-packages/fishbot_description/__init__.py to __init__.cpython-310.pyc
running install_data
creating /home/huang/chapt8_ws/install/fishbot_description/share/ament_index
creating /home/huang/chapt8_ws/install/fishbot_description/share/ament_index/resource_index
creating /home/huang/chapt8_ws/install/fishbot_description/share/ament_index/resource_index/packages
copying resource/fishbot_description -> /home/huang/chapt8_ws/install/fishbot_description/share/ament_index/resource_index/packages
copying package.xml -> /home/huang/chapt8_ws/install/fishbot_description/share/fishbot_description
creating /home/huang/chapt8_ws/install/fishbot_description/share/fishbot_description/launch
copying launch/display_rviz2.launch.py -> /home/huang/chapt8_ws/install/fishbot_description/share/fishbot_description/launch
creating /home/huang/chapt8_ws/install/fishbot_description/share/fishbot_description/urdf
copying urdf/fishbot_base.urdf -> /home/huang/chapt8_ws/install/fishbot_description/share/fishbot_description/urdf
creating /home/huang/chapt8_ws/install/fishbot_description/share/fishbot_description/meshes
copying meshes/link1.3ds -> /home/huang/chapt8_ws/install/fishbot_description/share/fishbot_description/meshes
copying meshes/link6.STL -> /home/huang/chapt8_ws/install/fishbot_description/share/fishbot_description/meshes
copying meshes/link6.DAE -> /home/huang/chapt8_ws/install/fishbot_description/share/fishbot_description/meshes
copying meshes/link2.STL -> /home/huang/chapt8_ws/install/fishbot_description/share/fishbot_description/meshes
copying meshes/link4.STL -> /home/huang/chapt8_ws/install/fishbot_description/share/fishbot_description/meshes
copying meshes/link2.DAE -> /home/huang/chapt8_ws/install/fishbot_description/share/fishbot_description/meshes
copying meshes/link1.STL -> /home/huang/chapt8_ws/install/fishbot_description/share/fishbot_description/meshes
copying meshes/link5.DAE -> /home/huang/chapt8_ws/install/fishbot_description/share/fishbot_description/meshes
copying meshes/link4.3ds -> /home/huang/chapt8_ws/install/fishbot_description/share/fishbot_description/meshes
copying meshes/link2.3ds -> /home/huang/chapt8_ws/install/fishbot_description/share/fishbot_description/meshes
copying meshes/link6.3ds -> /home/huang/chapt8_ws/install/fishbot_description/share/fishbot_description/meshes
copying meshes/link1.DAE -> /home/huang/chapt8_ws/install/fishbot_description/share/fishbot_description/meshes
copying meshes/link3.DAE -> /home/huang/chapt8_ws/install/fishbot_description/share/fishbot_description/meshes
copying meshes/link0.STL -> /home/huang/chapt8_ws/install/fishbot_description/share/fishbot_description/meshes
copying meshes/link5.STL -> /home/huang/chapt8_ws/install/fishbot_description/share/fishbot_description/meshes
copying meshes/link3.3ds -> /home/huang/chapt8_ws/install/fishbot_description/share/fishbot_description/meshes
copying meshes/link0.3ds -> /home/huang/chapt8_ws/install/fishbot_description/share/fishbot_description/meshes
copying meshes/link3.STL -> /home/huang/chapt8_ws/install/fishbot_description/share/fishbot_description/meshes
copying meshes/link4.DAE -> /home/huang/chapt8_ws/install/fishbot_description/share/fishbot_description/meshes
copying meshes/link5.3ds -> /home/huang/chapt8_ws/install/fishbot_description/share/fishbot_description/meshes
copying meshes/link0.DAE -> /home/huang/chapt8_ws/install/fishbot_description/share/fishbot_description/meshes
running install_egg_info
Copying ../../build/fishbot_description/fishbot_description.egg-info to /home/huang/chapt8_ws/install/fishbot_description/lib/python3.10/site-packages/fishbot_description-0.0.0-py3.10.egg-info
running install_scripts
writing list of installed files to '/home/huang/chapt8_ws/build/fishbot_description/install.log'
