[0.286s] Invoking command in '/home/huang/chapt8_ws/src/fishbot_description': CONDA_PROMPT_MODIFIER=(base) PYTHONPATH=/home/huang/chapt8_ws/build/fishbot_description/prefix_override:/usr/lib/python3/dist-packages/colcon_core/task/python/colcon_distutils_commands:/home/huang/chapt8_ws/install/fishbot_description/lib/python3.10/site-packages:${PYTHONPATH} /usr/bin/python3 -W ignore:setup.py install is deprecated -W ignore:easy_install command is deprecated setup.py egg_info --egg-base ../../build/fishbot_description build --build-base /home/huang/chapt8_ws/build/fishbot_description/build install --record /home/huang/chapt8_ws/build/fishbot_description/install.log --single-version-externally-managed install_data
[0.395s] running egg_info
[0.395s] creating ../../build/fishbot_description/fishbot_description.egg-info
[0.395s] writing ../../build/fishbot_description/fishbot_description.egg-info/PKG-INFO
[0.395s] writing dependency_links to ../../build/fishbot_description/fishbot_description.egg-info/dependency_links.txt
[0.395s] writing entry points to ../../build/fishbot_description/fishbot_description.egg-info/entry_points.txt
[0.395s] writing requirements to ../../build/fishbot_description/fishbot_description.egg-info/requires.txt
[0.395s] writing top-level names to ../../build/fishbot_description/fishbot_description.egg-info/top_level.txt
[0.395s] writing manifest file '../../build/fishbot_description/fishbot_description.egg-info/SOURCES.txt'
[0.396s] reading manifest file '../../build/fishbot_description/fishbot_description.egg-info/SOURCES.txt'
[0.397s] writing manifest file '../../build/fishbot_description/fishbot_description.egg-info/SOURCES.txt'
[0.397s] running build
[0.397s] running build_py
[0.397s] creating /home/huang/chapt8_ws/build/fishbot_description/build
[0.397s] creating /home/huang/chapt8_ws/build/fishbot_description/build/lib
[0.397s] creating /home/huang/chapt8_ws/build/fishbot_description/build/lib/fishbot_description
[0.397s] copying fishbot_description/__init__.py -> /home/huang/chapt8_ws/build/fishbot_description/build/lib/fishbot_description
[0.397s] running install
[0.397s] running install_lib
[0.397s] creating /home/huang/chapt8_ws/install/fishbot_description/lib/python3.10/site-packages/fishbot_description
[0.397s] copying /home/huang/chapt8_ws/build/fishbot_description/build/lib/fishbot_description/__init__.py -> /home/huang/chapt8_ws/install/fishbot_description/lib/python3.10/site-packages/fishbot_description
[0.397s] byte-compiling /home/huang/chapt8_ws/install/fishbot_description/lib/python3.10/site-packages/fishbot_description/__init__.py to __init__.cpython-310.pyc
[0.397s] running install_data
[0.398s] creating /home/huang/chapt8_ws/install/fishbot_description/share/ament_index
[0.398s] creating /home/huang/chapt8_ws/install/fishbot_description/share/ament_index/resource_index
[0.398s] creating /home/huang/chapt8_ws/install/fishbot_description/share/ament_index/resource_index/packages
[0.398s] copying resource/fishbot_description -> /home/huang/chapt8_ws/install/fishbot_description/share/ament_index/resource_index/packages
[0.398s] copying package.xml -> /home/huang/chapt8_ws/install/fishbot_description/share/fishbot_description
[0.398s] creating /home/huang/chapt8_ws/install/fishbot_description/share/fishbot_description/launch
[0.398s] copying launch/display_rviz2.launch.py -> /home/huang/chapt8_ws/install/fishbot_description/share/fishbot_description/launch
[0.398s] creating /home/huang/chapt8_ws/install/fishbot_description/share/fishbot_description/urdf
[0.398s] copying urdf/fishbot_base.urdf -> /home/huang/chapt8_ws/install/fishbot_description/share/fishbot_description/urdf
[0.398s] creating /home/huang/chapt8_ws/install/fishbot_description/share/fishbot_description/meshes
[0.398s] copying meshes/link1.3ds -> /home/huang/chapt8_ws/install/fishbot_description/share/fishbot_description/meshes
[0.398s] copying meshes/link6.STL -> /home/huang/chapt8_ws/install/fishbot_description/share/fishbot_description/meshes
[0.398s] copying meshes/link6.DAE -> /home/huang/chapt8_ws/install/fishbot_description/share/fishbot_description/meshes
[0.399s] copying meshes/link2.STL -> /home/huang/chapt8_ws/install/fishbot_description/share/fishbot_description/meshes
[0.399s] copying meshes/link4.STL -> /home/huang/chapt8_ws/install/fishbot_description/share/fishbot_description/meshes
[0.399s] copying meshes/link2.DAE -> /home/huang/chapt8_ws/install/fishbot_description/share/fishbot_description/meshes
[0.400s] copying meshes/link1.STL -> /home/huang/chapt8_ws/install/fishbot_description/share/fishbot_description/meshes
[0.400s] copying meshes/link5.DAE -> /home/huang/chapt8_ws/install/fishbot_description/share/fishbot_description/meshes
[0.400s] copying meshes/link4.3ds -> /home/huang/chapt8_ws/install/fishbot_description/share/fishbot_description/meshes
[0.401s] copying meshes/link2.3ds -> /home/huang/chapt8_ws/install/fishbot_description/share/fishbot_description/meshes
[0.401s] copying meshes/link6.3ds -> /home/huang/chapt8_ws/install/fishbot_description/share/fishbot_description/meshes
[0.401s] copying meshes/link1.DAE -> /home/huang/chapt8_ws/install/fishbot_description/share/fishbot_description/meshes
[0.402s] copying meshes/link3.DAE -> /home/huang/chapt8_ws/install/fishbot_description/share/fishbot_description/meshes
[0.403s] copying meshes/link0.STL -> /home/huang/chapt8_ws/install/fishbot_description/share/fishbot_description/meshes
[0.403s] copying meshes/link5.STL -> /home/huang/chapt8_ws/install/fishbot_description/share/fishbot_description/meshes
[0.403s] copying meshes/link3.3ds -> /home/huang/chapt8_ws/install/fishbot_description/share/fishbot_description/meshes
[0.403s] copying meshes/link0.3ds -> /home/huang/chapt8_ws/install/fishbot_description/share/fishbot_description/meshes
[0.404s] copying meshes/link3.STL -> /home/huang/chapt8_ws/install/fishbot_description/share/fishbot_description/meshes
[0.404s] copying meshes/link4.DAE -> /home/huang/chapt8_ws/install/fishbot_description/share/fishbot_description/meshes
[0.404s] copying meshes/link5.3ds -> /home/huang/chapt8_ws/install/fishbot_description/share/fishbot_description/meshes
[0.405s] copying meshes/link0.DAE -> /home/huang/chapt8_ws/install/fishbot_description/share/fishbot_description/meshes
[0.405s] running install_egg_info
[0.406s] Copying ../../build/fishbot_description/fishbot_description.egg-info to /home/huang/chapt8_ws/install/fishbot_description/lib/python3.10/site-packages/fishbot_description-0.0.0-py3.10.egg-info
[0.406s] running install_scripts
[0.417s] writing list of installed files to '/home/huang/chapt8_ws/build/fishbot_description/install.log'
[0.427s] Invoked command in '/home/huang/chapt8_ws/src/fishbot_description' returned '0': CONDA_PROMPT_MODIFIER=(base) PYTHONPATH=/home/huang/chapt8_ws/build/fishbot_description/prefix_override:/usr/lib/python3/dist-packages/colcon_core/task/python/colcon_distutils_commands:/home/huang/chapt8_ws/install/fishbot_description/lib/python3.10/site-packages:${PYTHONPATH} /usr/bin/python3 -W ignore:setup.py install is deprecated -W ignore:easy_install command is deprecated setup.py egg_info --egg-base ../../build/fishbot_description build --build-base /home/huang/chapt8_ws/build/fishbot_description/build install --record /home/huang/chapt8_ws/build/fishbot_description/install.log --single-version-externally-managed install_data
