[0.056s] DEBUG:colcon:Command line arguments: ['/usr/bin/colcon', 'build']
[0.056s] DEBUG:colcon:Parsed command line arguments: Namespace(log_base=None, log_level=None, verb_name='build', build_base='build', install_base='install', merge_install=False, symlink_install=False, test_result_base=None, continue_on_error=False, executor='parallel', parallel_workers=20, event_handlers=None, ignore_user_meta=False, metas=['./colcon.meta'], base_paths=['.'], packages_ignore=None, packages_ignore_regex=None, paths=None, packages_up_to=None, packages_up_to_regex=None, packages_above=None, packages_above_and_dependencies=None, packages_above_depth=None, packages_select_by_dep=None, packages_skip_by_dep=None, packages_skip_up_to=None, packages_select_build_failed=False, packages_skip_build_finished=False, packages_select_test_failures=False, packages_skip_test_passed=False, packages_select=None, packages_skip=None, packages_select_regex=None, packages_skip_regex=None, packages_start=None, packages_end=None, allow_overriding=[], cmake_args=None, cmake_target=None, cmake_target_skip_unavailable=False, cmake_clean_cache=False, cmake_clean_first=False, cmake_force_configure=False, ament_cmake_args=None, catkin_cmake_args=None, catkin_skip_building_tests=False, mixin_files=None, mixin=None, verb_parser=<colcon_mixin.mixin.mixin_argument.MixinArgumentDecorator object at 0x75b1ea00a6b0>, verb_extension=<colcon_core.verb.build.BuildVerb object at 0x75b1ea00a0e0>, main=<bound method BuildVerb.main of <colcon_core.verb.build.BuildVerb object at 0x75b1ea00a0e0>>, mixin_verb=('build',))
[0.130s] Level 1:colcon.colcon_core.package_discovery:discover_packages(colcon_meta) check parameters
[0.130s] Level 1:colcon.colcon_core.package_discovery:discover_packages(recursive) check parameters
[0.130s] Level 1:colcon.colcon_core.package_discovery:discover_packages(ignore) check parameters
[0.130s] Level 1:colcon.colcon_core.package_discovery:discover_packages(path) check parameters
[0.130s] Level 1:colcon.colcon_core.package_discovery:discover_packages(colcon_meta) discover
[0.130s] Level 1:colcon.colcon_core.package_discovery:discover_packages(recursive) discover
[0.130s] INFO:colcon.colcon_core.package_discovery:Crawling recursively for packages in '/home/huang/chapt8_ws'
[0.130s] Level 1:colcon.colcon_core.package_identification:_identify(.) by extensions ['ignore', 'ignore_ament_install']
[0.130s] Level 1:colcon.colcon_core.package_identification:_identify(.) by extension 'ignore'
[0.130s] Level 1:colcon.colcon_core.package_identification:_identify(.) by extension 'ignore_ament_install'
[0.130s] Level 1:colcon.colcon_core.package_identification:_identify(.) by extensions ['colcon_pkg']
[0.130s] Level 1:colcon.colcon_core.package_identification:_identify(.) by extension 'colcon_pkg'
[0.130s] Level 1:colcon.colcon_core.package_identification:_identify(.) by extensions ['colcon_meta']
[0.130s] Level 1:colcon.colcon_core.package_identification:_identify(.) by extension 'colcon_meta'
[0.130s] Level 1:colcon.colcon_core.package_identification:_identify(.) by extensions ['ros']
[0.130s] Level 1:colcon.colcon_core.package_identification:_identify(.) by extension 'ros'
[0.135s] Level 1:colcon.colcon_core.package_identification:_identify(.) by extensions ['cmake', 'python']
[0.135s] Level 1:colcon.colcon_core.package_identification:_identify(.) by extension 'cmake'
[0.135s] Level 1:colcon.colcon_core.package_identification:_identify(.) by extension 'python'
[0.135s] Level 1:colcon.colcon_core.package_identification:_identify(.) by extensions ['python_setup_py']
[0.135s] Level 1:colcon.colcon_core.package_identification:_identify(.) by extension 'python_setup_py'
[0.135s] Level 1:colcon.colcon_core.package_identification:_identify(build) by extensions ['ignore', 'ignore_ament_install']
[0.135s] Level 1:colcon.colcon_core.package_identification:_identify(build) by extension 'ignore'
[0.135s] Level 1:colcon.colcon_core.package_identification:_identify(build) ignored
[0.136s] Level 1:colcon.colcon_core.package_identification:_identify(install) by extensions ['ignore', 'ignore_ament_install']
[0.136s] Level 1:colcon.colcon_core.package_identification:_identify(install) by extension 'ignore'
[0.136s] Level 1:colcon.colcon_core.package_identification:_identify(install) ignored
[0.136s] Level 1:colcon.colcon_core.package_identification:_identify(log) by extensions ['ignore', 'ignore_ament_install']
[0.136s] Level 1:colcon.colcon_core.package_identification:_identify(log) by extension 'ignore'
[0.136s] Level 1:colcon.colcon_core.package_identification:_identify(log) ignored
[0.136s] Level 1:colcon.colcon_core.package_identification:_identify(src) by extensions ['ignore', 'ignore_ament_install']
[0.136s] Level 1:colcon.colcon_core.package_identification:_identify(src) by extension 'ignore'
[0.136s] Level 1:colcon.colcon_core.package_identification:_identify(src) by extension 'ignore_ament_install'
[0.136s] Level 1:colcon.colcon_core.package_identification:_identify(src) by extensions ['colcon_pkg']
[0.136s] Level 1:colcon.colcon_core.package_identification:_identify(src) by extension 'colcon_pkg'
[0.136s] Level 1:colcon.colcon_core.package_identification:_identify(src) by extensions ['colcon_meta']
[0.136s] Level 1:colcon.colcon_core.package_identification:_identify(src) by extension 'colcon_meta'
[0.136s] Level 1:colcon.colcon_core.package_identification:_identify(src) by extensions ['ros']
[0.136s] Level 1:colcon.colcon_core.package_identification:_identify(src) by extension 'ros'
[0.136s] Level 1:colcon.colcon_core.package_identification:_identify(src) by extensions ['cmake', 'python']
[0.136s] Level 1:colcon.colcon_core.package_identification:_identify(src) by extension 'cmake'
[0.136s] Level 1:colcon.colcon_core.package_identification:_identify(src) by extension 'python'
[0.136s] Level 1:colcon.colcon_core.package_identification:_identify(src) by extensions ['python_setup_py']
[0.136s] Level 1:colcon.colcon_core.package_identification:_identify(src) by extension 'python_setup_py'
[0.136s] Level 1:colcon.colcon_core.package_identification:_identify(src/arm_config_test) by extensions ['ignore', 'ignore_ament_install']
[0.136s] Level 1:colcon.colcon_core.package_identification:_identify(src/arm_config_test) by extension 'ignore'
[0.136s] Level 1:colcon.colcon_core.package_identification:_identify(src/arm_config_test) by extension 'ignore_ament_install'
[0.136s] Level 1:colcon.colcon_core.package_identification:_identify(src/arm_config_test) by extensions ['colcon_pkg']
[0.136s] Level 1:colcon.colcon_core.package_identification:_identify(src/arm_config_test) by extension 'colcon_pkg'
[0.136s] Level 1:colcon.colcon_core.package_identification:_identify(src/arm_config_test) by extensions ['colcon_meta']
[0.136s] Level 1:colcon.colcon_core.package_identification:_identify(src/arm_config_test) by extension 'colcon_meta'
[0.136s] Level 1:colcon.colcon_core.package_identification:_identify(src/arm_config_test) by extensions ['ros']
[0.136s] Level 1:colcon.colcon_core.package_identification:_identify(src/arm_config_test) by extension 'ros'
[0.137s] DEBUG:colcon.colcon_core.package_identification:Package 'src/arm_config_test' with type 'ros.ament_cmake' and name 'arm_config_test'
[0.137s] Level 1:colcon.colcon_core.package_identification:_identify(src/fishbot_description) by extensions ['ignore', 'ignore_ament_install']
[0.138s] Level 1:colcon.colcon_core.package_identification:_identify(src/fishbot_description) by extension 'ignore'
[0.138s] Level 1:colcon.colcon_core.package_identification:_identify(src/fishbot_description) by extension 'ignore_ament_install'
[0.138s] Level 1:colcon.colcon_core.package_identification:_identify(src/fishbot_description) by extensions ['colcon_pkg']
[0.138s] Level 1:colcon.colcon_core.package_identification:_identify(src/fishbot_description) by extension 'colcon_pkg'
[0.138s] Level 1:colcon.colcon_core.package_identification:_identify(src/fishbot_description) by extensions ['colcon_meta']
[0.138s] Level 1:colcon.colcon_core.package_identification:_identify(src/fishbot_description) by extension 'colcon_meta'
[0.138s] Level 1:colcon.colcon_core.package_identification:_identify(src/fishbot_description) by extensions ['ros']
[0.138s] Level 1:colcon.colcon_core.package_identification:_identify(src/fishbot_description) by extension 'ros'
[0.138s] DEBUG:colcon.colcon_core.package_identification:Package 'src/fishbot_description' with type 'ros.ament_python' and name 'fishbot_description'
[0.138s] Level 1:colcon.colcon_core.package_discovery:discover_packages(recursive) using defaults
[0.138s] Level 1:colcon.colcon_core.package_discovery:discover_packages(ignore) discover
[0.138s] Level 1:colcon.colcon_core.package_discovery:discover_packages(ignore) using defaults
[0.138s] Level 1:colcon.colcon_core.package_discovery:discover_packages(path) discover
[0.138s] Level 1:colcon.colcon_core.package_discovery:discover_packages(path) using defaults
[0.152s] Level 1:colcon.colcon_core.package_discovery:discover_packages(prefix_path) check parameters
[0.152s] Level 1:colcon.colcon_core.package_discovery:discover_packages(prefix_path) discover
[0.152s] WARNING:colcon.colcon_ros.prefix_path.ament:The path '/home/huang/chapt8_ws/install/fishbot_description' in the environment variable AMENT_PREFIX_PATH doesn't exist
[0.153s] DEBUG:colcon.colcon_installed_package_information.package_discovery:Found 0 installed packages in /home/huang/chapt8_ws/install
[0.154s] DEBUG:colcon.colcon_installed_package_information.package_discovery:Found 55 installed packages in /home/huang/ws_moveit2/install
[0.154s] DEBUG:colcon.colcon_installed_package_information.package_discovery:Found 384 installed packages in /opt/ros/humble
[0.156s] Level 1:colcon.colcon_core.package_discovery:discover_packages(prefix_path) using defaults
[0.179s] Level 5:colcon.colcon_core.verb:set package 'fishbot_description' build argument 'cmake_args' from command line to 'None'
[0.179s] Level 5:colcon.colcon_core.verb:set package 'fishbot_description' build argument 'cmake_target' from command line to 'None'
[0.179s] Level 5:colcon.colcon_core.verb:set package 'fishbot_description' build argument 'cmake_target_skip_unavailable' from command line to 'False'
[0.179s] Level 5:colcon.colcon_core.verb:set package 'fishbot_description' build argument 'cmake_clean_cache' from command line to 'False'
[0.179s] Level 5:colcon.colcon_core.verb:set package 'fishbot_description' build argument 'cmake_clean_first' from command line to 'False'
[0.179s] Level 5:colcon.colcon_core.verb:set package 'fishbot_description' build argument 'cmake_force_configure' from command line to 'False'
[0.179s] Level 5:colcon.colcon_core.verb:set package 'fishbot_description' build argument 'ament_cmake_args' from command line to 'None'
[0.179s] Level 5:colcon.colcon_core.verb:set package 'fishbot_description' build argument 'catkin_cmake_args' from command line to 'None'
[0.179s] Level 5:colcon.colcon_core.verb:set package 'fishbot_description' build argument 'catkin_skip_building_tests' from command line to 'False'
[0.179s] DEBUG:colcon.colcon_core.verb:Building package 'fishbot_description' with the following arguments: {'ament_cmake_args': None, 'build_base': '/home/huang/chapt8_ws/build/fishbot_description', 'catkin_cmake_args': None, 'catkin_skip_building_tests': False, 'cmake_args': None, 'cmake_clean_cache': False, 'cmake_clean_first': False, 'cmake_force_configure': False, 'cmake_target': None, 'cmake_target_skip_unavailable': False, 'install_base': '/home/huang/chapt8_ws/install/fishbot_description', 'merge_install': False, 'path': '/home/huang/chapt8_ws/src/fishbot_description', 'symlink_install': False, 'test_result_base': None}
[0.179s] Level 5:colcon.colcon_core.verb:set package 'arm_config_test' build argument 'cmake_args' from command line to 'None'
[0.179s] Level 5:colcon.colcon_core.verb:set package 'arm_config_test' build argument 'cmake_target' from command line to 'None'
[0.179s] Level 5:colcon.colcon_core.verb:set package 'arm_config_test' build argument 'cmake_target_skip_unavailable' from command line to 'False'
[0.179s] Level 5:colcon.colcon_core.verb:set package 'arm_config_test' build argument 'cmake_clean_cache' from command line to 'False'
[0.179s] Level 5:colcon.colcon_core.verb:set package 'arm_config_test' build argument 'cmake_clean_first' from command line to 'False'
[0.179s] Level 5:colcon.colcon_core.verb:set package 'arm_config_test' build argument 'cmake_force_configure' from command line to 'False'
[0.179s] Level 5:colcon.colcon_core.verb:set package 'arm_config_test' build argument 'ament_cmake_args' from command line to 'None'
[0.179s] Level 5:colcon.colcon_core.verb:set package 'arm_config_test' build argument 'catkin_cmake_args' from command line to 'None'
[0.179s] Level 5:colcon.colcon_core.verb:set package 'arm_config_test' build argument 'catkin_skip_building_tests' from command line to 'False'
[0.179s] DEBUG:colcon.colcon_core.verb:Building package 'arm_config_test' with the following arguments: {'ament_cmake_args': None, 'build_base': '/home/huang/chapt8_ws/build/arm_config_test', 'catkin_cmake_args': None, 'catkin_skip_building_tests': False, 'cmake_args': None, 'cmake_clean_cache': False, 'cmake_clean_first': False, 'cmake_force_configure': False, 'cmake_target': None, 'cmake_target_skip_unavailable': False, 'install_base': '/home/huang/chapt8_ws/install/arm_config_test', 'merge_install': False, 'path': '/home/huang/chapt8_ws/src/arm_config_test', 'symlink_install': False, 'test_result_base': None}
[0.179s] INFO:colcon.colcon_core.executor:Executing jobs using 'parallel' executor
[0.180s] DEBUG:colcon.colcon_parallel_executor.executor.parallel:run_until_complete
[0.180s] INFO:colcon.colcon_ros.task.ament_python.build:Building ROS package in '/home/huang/chapt8_ws/src/fishbot_description' with build type 'ament_python'
[0.180s] Level 1:colcon.colcon_core.shell:create_environment_hook('fishbot_description', 'ament_prefix_path')
[0.181s] INFO:colcon.colcon_core.plugin_system:Skipping extension 'colcon_core.shell.bat': Not used on non-Windows systems
[0.181s] INFO:colcon.colcon_core.shell:Creating environment hook '/home/huang/chapt8_ws/install/fishbot_description/share/fishbot_description/hook/ament_prefix_path.ps1'
[0.181s] INFO:colcon.colcon_core.shell:Creating environment descriptor '/home/huang/chapt8_ws/install/fishbot_description/share/fishbot_description/hook/ament_prefix_path.dsv'
[0.181s] INFO:colcon.colcon_core.shell:Creating environment hook '/home/huang/chapt8_ws/install/fishbot_description/share/fishbot_description/hook/ament_prefix_path.sh'
[0.182s] INFO:colcon.colcon_core.shell:Skip shell extension 'powershell' for command environment: Not usable outside of PowerShell
[0.182s] DEBUG:colcon.colcon_core.shell:Skip shell extension 'dsv' for command environment
[0.301s] INFO:colcon.colcon_core.task.python.build:Building Python package in '/home/huang/chapt8_ws/src/fishbot_description'
[0.301s] INFO:colcon.colcon_core.shell:Skip shell extension 'powershell' for command environment: Not usable outside of PowerShell
[0.301s] DEBUG:colcon.colcon_core.shell:Skip shell extension 'dsv' for command environment
[0.466s] DEBUG:colcon.colcon_core.event_handler.log_command:Invoking command in '/home/huang/chapt8_ws/src/fishbot_description': CONDA_PROMPT_MODIFIER=(base) PYTHONPATH=/home/huang/chapt8_ws/build/fishbot_description/prefix_override:/usr/lib/python3/dist-packages/colcon_core/task/python/colcon_distutils_commands:/home/huang/chapt8_ws/install/fishbot_description/lib/python3.10/site-packages:${PYTHONPATH} /usr/bin/python3 -W ignore:setup.py install is deprecated -W ignore:easy_install command is deprecated setup.py egg_info --egg-base ../../build/fishbot_description build --build-base /home/huang/chapt8_ws/build/fishbot_description/build install --record /home/huang/chapt8_ws/build/fishbot_description/install.log --single-version-externally-managed install_data
[0.607s] DEBUG:colcon.colcon_core.event_handler.log_command:Invoked command in '/home/huang/chapt8_ws/src/fishbot_description' returned '0': CONDA_PROMPT_MODIFIER=(base) PYTHONPATH=/home/huang/chapt8_ws/build/fishbot_description/prefix_override:/usr/lib/python3/dist-packages/colcon_core/task/python/colcon_distutils_commands:/home/huang/chapt8_ws/install/fishbot_description/lib/python3.10/site-packages:${PYTHONPATH} /usr/bin/python3 -W ignore:setup.py install is deprecated -W ignore:easy_install command is deprecated setup.py egg_info --egg-base ../../build/fishbot_description build --build-base /home/huang/chapt8_ws/build/fishbot_description/build install --record /home/huang/chapt8_ws/build/fishbot_description/install.log --single-version-externally-managed install_data
[0.608s] Level 1:colcon.colcon_core.environment:checking '/home/huang/chapt8_ws/install/fishbot_description' for CMake module files
[0.608s] Level 1:colcon.colcon_core.environment:checking '/home/huang/chapt8_ws/install/fishbot_description' for CMake config files
[0.609s] Level 1:colcon.colcon_core.environment:checking '/home/huang/chapt8_ws/install/fishbot_description/lib'
[0.609s] Level 1:colcon.colcon_core.environment:checking '/home/huang/chapt8_ws/install/fishbot_description/bin'
[0.609s] Level 1:colcon.colcon_core.environment:checking '/home/huang/chapt8_ws/install/fishbot_description/lib/pkgconfig/fishbot_description.pc'
[0.609s] Level 1:colcon.colcon_core.environment:checking '/home/huang/chapt8_ws/install/fishbot_description/lib/python3.10/site-packages'
[0.609s] Level 1:colcon.colcon_core.shell:create_environment_hook('fishbot_description', 'pythonpath')
[0.609s] INFO:colcon.colcon_core.shell:Creating environment hook '/home/huang/chapt8_ws/install/fishbot_description/share/fishbot_description/hook/pythonpath.ps1'
[0.609s] INFO:colcon.colcon_core.shell:Creating environment descriptor '/home/huang/chapt8_ws/install/fishbot_description/share/fishbot_description/hook/pythonpath.dsv'
[0.609s] INFO:colcon.colcon_core.shell:Creating environment hook '/home/huang/chapt8_ws/install/fishbot_description/share/fishbot_description/hook/pythonpath.sh'
[0.610s] Level 1:colcon.colcon_core.environment:checking '/home/huang/chapt8_ws/install/fishbot_description/bin'
[0.610s] Level 1:colcon.colcon_core.environment:create_environment_scripts_only(fishbot_description)
[0.610s] INFO:colcon.colcon_core.shell:Creating package script '/home/huang/chapt8_ws/install/fishbot_description/share/fishbot_description/package.ps1'
[0.610s] INFO:colcon.colcon_core.shell:Creating package descriptor '/home/huang/chapt8_ws/install/fishbot_description/share/fishbot_description/package.dsv'
[0.610s] INFO:colcon.colcon_core.shell:Creating package script '/home/huang/chapt8_ws/install/fishbot_description/share/fishbot_description/package.sh'
[0.611s] INFO:colcon.colcon_core.shell:Creating package script '/home/huang/chapt8_ws/install/fishbot_description/share/fishbot_description/package.bash'
[0.611s] INFO:colcon.colcon_core.shell:Creating package script '/home/huang/chapt8_ws/install/fishbot_description/share/fishbot_description/package.zsh'
[0.611s] Level 1:colcon.colcon_core.environment:create_file_with_runtime_dependencies(/home/huang/chapt8_ws/install/fishbot_description/share/colcon-core/packages/fishbot_description)
[0.611s] INFO:colcon.colcon_ros.task.ament_cmake.build:Building ROS package in '/home/huang/chapt8_ws/src/arm_config_test' with build type 'ament_cmake'
[0.611s] INFO:colcon.colcon_cmake.task.cmake.build:Building CMake package in '/home/huang/chapt8_ws/src/arm_config_test'
[0.611s] INFO:colcon.colcon_core.shell:Skip shell extension 'powershell' for command environment: Not usable outside of PowerShell
[0.611s] DEBUG:colcon.colcon_core.shell:Skip shell extension 'dsv' for command environment
[0.619s] DEBUG:colcon.colcon_core.event_handler.log_command:Invoking command in '/home/huang/chapt8_ws/build/arm_config_test': CMAKE_PREFIX_PATH=${CMAKE_PREFIX_PATH}:/home/huang/chapt8_ws/install/fishbot_description:/home/huang/ws_moveit2/install/moveit_configs_utils:/home/huang/ws_moveit2/install/launch_param_builder:/opt/ros/humble CONDA_PROMPT_MODIFIER=(base) /usr/bin/cmake /home/huang/chapt8_ws/src/arm_config_test -DCMAKE_INSTALL_PREFIX=/home/huang/chapt8_ws/install/arm_config_test
[1.157s] DEBUG:colcon.colcon_core.event_handler.log_command:Invoked command in '/home/huang/chapt8_ws/build/arm_config_test' returned '0': CMAKE_PREFIX_PATH=${CMAKE_PREFIX_PATH}:/home/huang/chapt8_ws/install/fishbot_description:/home/huang/ws_moveit2/install/moveit_configs_utils:/home/huang/ws_moveit2/install/launch_param_builder:/opt/ros/humble CONDA_PROMPT_MODIFIER=(base) /usr/bin/cmake /home/huang/chapt8_ws/src/arm_config_test -DCMAKE_INSTALL_PREFIX=/home/huang/chapt8_ws/install/arm_config_test
[1.158s] DEBUG:colcon.colcon_core.event_handler.log_command:Invoking command in '/home/huang/chapt8_ws/build/arm_config_test': CMAKE_PREFIX_PATH=${CMAKE_PREFIX_PATH}:/home/huang/chapt8_ws/install/fishbot_description:/home/huang/ws_moveit2/install/moveit_configs_utils:/home/huang/ws_moveit2/install/launch_param_builder:/opt/ros/humble CONDA_PROMPT_MODIFIER=(base) /usr/bin/cmake --build /home/huang/chapt8_ws/build/arm_config_test -- -j20 -l20
[1.185s] DEBUG:colcon.colcon_core.event_handler.log_command:Invoked command in '/home/huang/chapt8_ws/build/arm_config_test' returned '0': CMAKE_PREFIX_PATH=${CMAKE_PREFIX_PATH}:/home/huang/chapt8_ws/install/fishbot_description:/home/huang/ws_moveit2/install/moveit_configs_utils:/home/huang/ws_moveit2/install/launch_param_builder:/opt/ros/humble CONDA_PROMPT_MODIFIER=(base) /usr/bin/cmake --build /home/huang/chapt8_ws/build/arm_config_test -- -j20 -l20
[1.193s] DEBUG:colcon.colcon_core.event_handler.log_command:Invoking command in '/home/huang/chapt8_ws/build/arm_config_test': CMAKE_PREFIX_PATH=${CMAKE_PREFIX_PATH}:/home/huang/chapt8_ws/install/fishbot_description:/home/huang/ws_moveit2/install/moveit_configs_utils:/home/huang/ws_moveit2/install/launch_param_builder:/opt/ros/humble CONDA_PROMPT_MODIFIER=(base) /usr/bin/cmake --install /home/huang/chapt8_ws/build/arm_config_test
[1.200s] Level 1:colcon.colcon_core.environment:create_environment_scripts_only(arm_config_test)
[1.200s] Level 1:colcon.colcon_core.environment:checking '/home/huang/chapt8_ws/install/arm_config_test' for CMake module files
[1.201s] DEBUG:colcon.colcon_core.event_handler.log_command:Invoked command in '/home/huang/chapt8_ws/build/arm_config_test' returned '0': CMAKE_PREFIX_PATH=${CMAKE_PREFIX_PATH}:/home/huang/chapt8_ws/install/fishbot_description:/home/huang/ws_moveit2/install/moveit_configs_utils:/home/huang/ws_moveit2/install/launch_param_builder:/opt/ros/humble CONDA_PROMPT_MODIFIER=(base) /usr/bin/cmake --install /home/huang/chapt8_ws/build/arm_config_test
[1.201s] Level 1:colcon.colcon_core.environment:checking '/home/huang/chapt8_ws/install/arm_config_test' for CMake config files
[1.201s] Level 1:colcon.colcon_core.shell:create_environment_hook('arm_config_test', 'cmake_prefix_path')
[1.201s] INFO:colcon.colcon_core.shell:Creating environment hook '/home/huang/chapt8_ws/install/arm_config_test/share/arm_config_test/hook/cmake_prefix_path.ps1'
[1.201s] INFO:colcon.colcon_core.shell:Creating environment descriptor '/home/huang/chapt8_ws/install/arm_config_test/share/arm_config_test/hook/cmake_prefix_path.dsv'
[1.201s] INFO:colcon.colcon_core.shell:Creating environment hook '/home/huang/chapt8_ws/install/arm_config_test/share/arm_config_test/hook/cmake_prefix_path.sh'
[1.201s] Level 1:colcon.colcon_core.environment:checking '/home/huang/chapt8_ws/install/arm_config_test/bin'
[1.201s] Level 1:colcon.colcon_core.environment:checking '/home/huang/chapt8_ws/install/arm_config_test/lib/pkgconfig/arm_config_test.pc'
[1.202s] Level 1:colcon.colcon_core.environment:checking '/home/huang/chapt8_ws/install/arm_config_test/lib/python3.10/site-packages'
[1.202s] Level 1:colcon.colcon_core.environment:checking '/home/huang/chapt8_ws/install/arm_config_test/bin'
[1.202s] INFO:colcon.colcon_core.shell:Creating package script '/home/huang/chapt8_ws/install/arm_config_test/share/arm_config_test/package.ps1'
[1.202s] INFO:colcon.colcon_core.shell:Creating package descriptor '/home/huang/chapt8_ws/install/arm_config_test/share/arm_config_test/package.dsv'
[1.202s] INFO:colcon.colcon_core.shell:Creating package script '/home/huang/chapt8_ws/install/arm_config_test/share/arm_config_test/package.sh'
[1.202s] INFO:colcon.colcon_core.shell:Creating package script '/home/huang/chapt8_ws/install/arm_config_test/share/arm_config_test/package.bash'
[1.202s] INFO:colcon.colcon_core.shell:Creating package script '/home/huang/chapt8_ws/install/arm_config_test/share/arm_config_test/package.zsh'
[1.202s] Level 1:colcon.colcon_core.environment:create_file_with_runtime_dependencies(/home/huang/chapt8_ws/install/arm_config_test/share/colcon-core/packages/arm_config_test)
[1.203s] Level 1:colcon.colcon_core.environment:create_environment_scripts_only(arm_config_test)
[1.203s] Level 1:colcon.colcon_core.environment:checking '/home/huang/chapt8_ws/install/arm_config_test' for CMake module files
[1.203s] Level 1:colcon.colcon_core.environment:checking '/home/huang/chapt8_ws/install/arm_config_test' for CMake config files
[1.203s] Level 1:colcon.colcon_core.shell:create_environment_hook('arm_config_test', 'cmake_prefix_path')
[1.203s] INFO:colcon.colcon_core.shell:Creating environment hook '/home/huang/chapt8_ws/install/arm_config_test/share/arm_config_test/hook/cmake_prefix_path.ps1'
[1.203s] INFO:colcon.colcon_core.shell:Creating environment descriptor '/home/huang/chapt8_ws/install/arm_config_test/share/arm_config_test/hook/cmake_prefix_path.dsv'
[1.203s] INFO:colcon.colcon_core.shell:Creating environment hook '/home/huang/chapt8_ws/install/arm_config_test/share/arm_config_test/hook/cmake_prefix_path.sh'
[1.204s] Level 1:colcon.colcon_core.environment:checking '/home/huang/chapt8_ws/install/arm_config_test/bin'
[1.204s] Level 1:colcon.colcon_core.environment:checking '/home/huang/chapt8_ws/install/arm_config_test/lib/pkgconfig/arm_config_test.pc'
[1.204s] Level 1:colcon.colcon_core.environment:checking '/home/huang/chapt8_ws/install/arm_config_test/lib/python3.10/site-packages'
[1.204s] Level 1:colcon.colcon_core.environment:checking '/home/huang/chapt8_ws/install/arm_config_test/bin'
[1.204s] INFO:colcon.colcon_core.shell:Creating package script '/home/huang/chapt8_ws/install/arm_config_test/share/arm_config_test/package.ps1'
[1.204s] INFO:colcon.colcon_core.shell:Creating package descriptor '/home/huang/chapt8_ws/install/arm_config_test/share/arm_config_test/package.dsv'
[1.204s] INFO:colcon.colcon_core.shell:Creating package script '/home/huang/chapt8_ws/install/arm_config_test/share/arm_config_test/package.sh'
[1.204s] INFO:colcon.colcon_core.shell:Creating package script '/home/huang/chapt8_ws/install/arm_config_test/share/arm_config_test/package.bash'
[1.205s] INFO:colcon.colcon_core.shell:Creating package script '/home/huang/chapt8_ws/install/arm_config_test/share/arm_config_test/package.zsh'
[1.205s] Level 1:colcon.colcon_core.environment:create_file_with_runtime_dependencies(/home/huang/chapt8_ws/install/arm_config_test/share/colcon-core/packages/arm_config_test)
[1.205s] DEBUG:colcon.colcon_parallel_executor.executor.parallel:closing loop
[1.205s] DEBUG:colcon.colcon_parallel_executor.executor.parallel:loop closed
[1.205s] DEBUG:colcon.colcon_parallel_executor.executor.parallel:run_until_complete finished with '0'
[1.205s] DEBUG:colcon.colcon_core.event_reactor:joining thread
[1.207s] INFO:colcon.colcon_core.plugin_system:Skipping extension 'colcon_notification.desktop_notification.terminal_notifier': Not used on non-Darwin systems
[1.208s] INFO:colcon.colcon_core.plugin_system:Skipping extension 'colcon_notification.desktop_notification.win32': Not used on non-Windows systems
[1.208s] INFO:colcon.colcon_notification.desktop_notification:Sending desktop notification using 'notify2'
[1.213s] DEBUG:colcon.colcon_core.event_reactor:joined thread
[1.213s] INFO:colcon.colcon_core.shell:Creating prefix script '/home/huang/chapt8_ws/install/local_setup.ps1'
[1.213s] INFO:colcon.colcon_core.shell:Creating prefix util module '/home/huang/chapt8_ws/install/_local_setup_util_ps1.py'
[1.214s] INFO:colcon.colcon_core.shell:Creating prefix chain script '/home/huang/chapt8_ws/install/setup.ps1'
[1.215s] INFO:colcon.colcon_core.shell:Creating prefix script '/home/huang/chapt8_ws/install/local_setup.sh'
[1.215s] INFO:colcon.colcon_core.shell:Creating prefix util module '/home/huang/chapt8_ws/install/_local_setup_util_sh.py'
[1.215s] INFO:colcon.colcon_core.shell:Creating prefix chain script '/home/huang/chapt8_ws/install/setup.sh'
[1.216s] INFO:colcon.colcon_core.shell:Creating prefix script '/home/huang/chapt8_ws/install/local_setup.bash'
[1.216s] INFO:colcon.colcon_core.shell:Creating prefix chain script '/home/huang/chapt8_ws/install/setup.bash'
[1.217s] INFO:colcon.colcon_core.shell:Creating prefix script '/home/huang/chapt8_ws/install/local_setup.zsh'
[1.217s] INFO:colcon.colcon_core.shell:Creating prefix chain script '/home/huang/chapt8_ws/install/setup.zsh'
