[0.304s] Invoking command in '/home/huang/chapt8_ws/src/fishbot_description': CONDA_PROMPT_MODIFIER=(base) PYTHONPATH=/home/huang/chapt8_ws/build/fishbot_description/prefix_override:/usr/lib/python3/dist-packages/colcon_core/task/python/colcon_distutils_commands:/home/huang/chapt8_ws/install/fishbot_description/lib/python3.10/site-packages:${PYTHONPATH} /usr/bin/python3 -W ignore:setup.py install is deprecated -W ignore:easy_install command is deprecated setup.py egg_info --egg-base ../../build/fishbot_description build --build-base /home/huang/chapt8_ws/build/fishbot_description/build install --record /home/huang/chapt8_ws/build/fishbot_description/install.log --single-version-externally-managed install_data
[0.412s] running egg_info
[0.416s] writing ../../build/fishbot_description/fishbot_description.egg-info/PKG-INFO
[0.416s] writing dependency_links to ../../build/fishbot_description/fishbot_description.egg-info/dependency_links.txt
[0.417s] writing entry points to ../../build/fishbot_description/fishbot_description.egg-info/entry_points.txt
[0.417s] writing requirements to ../../build/fishbot_description/fishbot_description.egg-info/requires.txt
[0.417s] writing top-level names to ../../build/fishbot_description/fishbot_description.egg-info/top_level.txt
[0.417s] reading manifest file '../../build/fishbot_description/fishbot_description.egg-info/SOURCES.txt'
[0.417s] writing manifest file '../../build/fishbot_description/fishbot_description.egg-info/SOURCES.txt'
[0.417s] running build
[0.417s] running build_py
[0.417s] running install
[0.417s] running install_lib
[0.417s] running install_data
[0.417s] copying meshes/link1.3ds -> /home/huang/chapt8_ws/install/fishbot_description/share/fishbot_description/meshes
[0.420s] copying meshes/link6.STL -> /home/huang/chapt8_ws/install/fishbot_description/share/fishbot_description/meshes
[0.420s] copying meshes/link6.DAE -> /home/huang/chapt8_ws/install/fishbot_description/share/fishbot_description/meshes
[0.420s] copying meshes/link2.STL -> /home/huang/chapt8_ws/install/fishbot_description/share/fishbot_description/meshes
[0.420s] copying meshes/link4.STL -> /home/huang/chapt8_ws/install/fishbot_description/share/fishbot_description/meshes
[0.420s] copying meshes/link2.DAE -> /home/huang/chapt8_ws/install/fishbot_description/share/fishbot_description/meshes
[0.420s] copying meshes/link1.STL -> /home/huang/chapt8_ws/install/fishbot_description/share/fishbot_description/meshes
[0.420s] copying meshes/link5.DAE -> /home/huang/chapt8_ws/install/fishbot_description/share/fishbot_description/meshes
[0.420s] copying meshes/link4.3ds -> /home/huang/chapt8_ws/install/fishbot_description/share/fishbot_description/meshes
[0.420s] copying meshes/link2.3ds -> /home/huang/chapt8_ws/install/fishbot_description/share/fishbot_description/meshes
[0.420s] copying meshes/link6.3ds -> /home/huang/chapt8_ws/install/fishbot_description/share/fishbot_description/meshes
[0.421s] copying meshes/link1.DAE -> /home/huang/chapt8_ws/install/fishbot_description/share/fishbot_description/meshes
[0.421s] copying meshes/link3.DAE -> /home/huang/chapt8_ws/install/fishbot_description/share/fishbot_description/meshes
[0.421s] copying meshes/link0.STL -> /home/huang/chapt8_ws/install/fishbot_description/share/fishbot_description/meshes
[0.421s] copying meshes/link5.STL -> /home/huang/chapt8_ws/install/fishbot_description/share/fishbot_description/meshes
[0.421s] copying meshes/link3.3ds -> /home/huang/chapt8_ws/install/fishbot_description/share/fishbot_description/meshes
[0.421s] copying meshes/link0.3ds -> /home/huang/chapt8_ws/install/fishbot_description/share/fishbot_description/meshes
[0.421s] copying meshes/link3.STL -> /home/huang/chapt8_ws/install/fishbot_description/share/fishbot_description/meshes
[0.421s] copying meshes/link4.DAE -> /home/huang/chapt8_ws/install/fishbot_description/share/fishbot_description/meshes
[0.421s] copying meshes/link5.3ds -> /home/huang/chapt8_ws/install/fishbot_description/share/fishbot_description/meshes
[0.421s] copying meshes/link0.DAE -> /home/huang/chapt8_ws/install/fishbot_description/share/fishbot_description/meshes
[0.421s] running install_egg_info
[0.421s] removing '/home/huang/chapt8_ws/install/fishbot_description/lib/python3.10/site-packages/fishbot_description-0.0.0-py3.10.egg-info' (and everything under it)
[0.421s] Copying ../../build/fishbot_description/fishbot_description.egg-info to /home/huang/chapt8_ws/install/fishbot_description/lib/python3.10/site-packages/fishbot_description-0.0.0-py3.10.egg-info
[0.421s] running install_scripts
[0.431s] writing list of installed files to '/home/huang/chapt8_ws/build/fishbot_description/install.log'
[0.442s] Invoked command in '/home/huang/chapt8_ws/src/fishbot_description' returned '0': CONDA_PROMPT_MODIFIER=(base) PYTHONPATH=/home/huang/chapt8_ws/build/fishbot_description/prefix_override:/usr/lib/python3/dist-packages/colcon_core/task/python/colcon_distutils_commands:/home/huang/chapt8_ws/install/fishbot_description/lib/python3.10/site-packages:${PYTHONPATH} /usr/bin/python3 -W ignore:setup.py install is deprecated -W ignore:easy_install command is deprecated setup.py egg_info --egg-base ../../build/fishbot_description build --build-base /home/huang/chapt8_ws/build/fishbot_description/build install --record /home/huang/chapt8_ws/build/fishbot_description/install.log --single-version-externally-managed install_data
